TN:
SF:src\app.ts
FN:41,(anonymous_1)
FN:60,(anonymous_2)
FN:65,(anonymous_3)
FNF:3
FNH:0
FNDA:0,(anonymous_1)
FNDA:0,(anonymous_2)
FNDA:0,(anonymous_3)
DA:1,1
DA:2,1
DA:3,1
DA:4,1
DA:5,1
DA:6,1
DA:7,1
DA:8,1
DA:9,1
DA:10,1
DA:12,1
DA:15,1
DA:18,1
DA:19,1
DA:22,1
DA:30,1
DA:33,1
DA:34,1
DA:35,1
DA:38,1
DA:41,1
DA:42,0
DA:55,1
DA:56,1
DA:57,1
DA:60,1
DA:61,0
DA:65,1
DA:66,0
DA:97,1
DA:99,1
LF:31
LH:28
BRDA:49,0,0,0
BRDA:49,0,1,0
BRF:2
BRH:0
end_of_record
TN:
SF:src\config\database.ts
FN:4,(anonymous_1)
FN:15,(anonymous_2)
FN:19,(anonymous_3)
FN:24,(anonymous_4)
FNF:4
FNH:0
FNDA:0,(anonymous_1)
FNDA:0,(anonymous_2)
FNDA:0,(anonymous_3)
FNDA:0,(anonymous_4)
DA:1,0
DA:2,0
DA:4,0
DA:5,0
DA:6,0
DA:8,0
DA:12,0
DA:15,0
DA:16,0
DA:19,0
DA:20,0
DA:24,0
DA:25,0
DA:26,0
DA:27,0
DA:31,0
DA:32,0
LF:17
LH:0
BRF:0
BRH:0
end_of_record
TN:
SF:src\config\env.ts
FNF:0
FNH:0
DA:1,3
DA:3,3
DA:5,3
DA:16,3
DA:17,0
DA:20,3
DA:21,0
LF:7
LH:5
BRDA:6,0,0,3
BRDA:6,0,1,0
BRDA:7,1,0,3
BRDA:7,1,1,0
BRDA:8,2,0,3
BRDA:8,2,1,0
BRDA:9,3,0,3
BRDA:9,3,1,0
BRDA:10,4,0,3
BRDA:10,4,1,0
BRDA:11,5,0,3
BRDA:11,5,1,0
BRDA:12,6,0,3
BRDA:12,6,1,0
BRDA:16,7,0,0
BRDA:16,7,1,3
BRDA:16,8,0,3
BRDA:16,8,1,0
BRDA:20,9,0,0
BRDA:20,9,1,3
BRDA:20,10,0,3
BRDA:20,10,1,0
BRF:22
BRH:11
end_of_record
TN:
SF:src\controllers\authController.ts
FN:17,(anonymous_0)
FN:52,(anonymous_1)
FN:86,(anonymous_2)
FN:104,(anonymous_3)
FNF:4
FNH:4
FNDA:3,(anonymous_0)
FNDA:2,(anonymous_1)
FNDA:1,(anonymous_2)
FNDA:1,(anonymous_3)
DA:2,1
DA:4,1
DA:5,1
DA:16,1
DA:17,1
DA:18,3
DA:24,3
DA:25,3
DA:27,2
DA:33,2
DA:36,1
DA:42,1
DA:48,1
DA:52,1
DA:53,2
DA:58,2
DA:59,2
DA:61,1
DA:67,1
DA:70,1
DA:76,1
DA:82,1
DA:86,1
DA:87,1
DA:89,1
DA:90,0
DA:93,1
DA:95,1
DA:101,1
DA:104,1
DA:105,1
DA:107,1
DA:108,0
DA:111,1
DA:113,1
DA:115,1
DA:121,1
LF:37
LH:35
BRDA:36,0,0,1
BRDA:36,0,1,0
BRDA:38,1,0,0
BRDA:38,1,1,0
BRDA:44,2,0,1
BRDA:44,2,1,0
BRDA:70,3,0,1
BRDA:70,3,1,0
BRDA:72,4,0,0
BRDA:72,4,1,0
BRDA:78,5,0,1
BRDA:78,5,1,0
BRDA:89,6,0,0
BRDA:89,6,1,1
BRDA:107,7,0,0
BRDA:107,7,1,1
BRF:16
BRH:6
end_of_record
TN:
SF:src\controllers\taskController.ts
FN:8,(anonymous_0)
FN:32,(anonymous_1)
FN:89,(anonymous_2)
FN:114,(anonymous_3)
FN:166,(anonymous_4)
FN:181,(anonymous_5)
FN:197,(anonymous_6)
FN:222,(anonymous_7)
FN:244,(anonymous_8)
FN:254,(anonymous_9)
FNF:10
FNH:0
FNDA:0,(anonymous_0)
FNDA:0,(anonymous_1)
FNDA:0,(anonymous_2)
FNDA:0,(anonymous_3)
FNDA:0,(anonymous_4)
FNDA:0,(anonymous_5)
FNDA:0,(anonymous_6)
FNDA:0,(anonymous_7)
FNDA:0,(anonymous_8)
FNDA:0,(anonymous_9)
DA:2,1
DA:3,1
DA:4,1
DA:5,1
DA:7,1
DA:8,1
DA:9,0
DA:10,0
DA:12,0
DA:21,0
DA:23,0
DA:29,0
DA:32,1
DA:33,0
DA:34,0
DA:36,0
DA:37,0
DA:39,0
DA:41,0
DA:43,0
DA:44,0
DA:45,0
DA:46,0
DA:48,0
DA:49,0
DA:50,0
DA:58,0
DA:59,0
DA:60,0
DA:68,0
DA:69,0
DA:70,0
DA:76,0
DA:77,0
DA:80,0
DA:86,0
DA:89,1
DA:90,0
DA:91,0
DA:93,0
DA:94,0
DA:96,0
DA:98,0
DA:106,0
DA:111,0
DA:114,1
DA:125,0
DA:127,0
DA:129,0
DA:130,0
DA:133,0
DA:134,0
DA:137,0
DA:138,0
DA:141,0
DA:142,0
DA:145,0
DA:146,0
DA:149,0
DA:157,0
DA:163,0
DA:166,1
DA:167,0
DA:168,0
DA:170,0
DA:172,0
DA:178,0
DA:181,1
DA:182,0
DA:184,0
DA:186,0
DA:188,0
DA:194,0
DA:197,1
DA:198,0
DA:199,0
DA:201,0
DA:203,0
DA:208,0
DA:219,0
DA:222,1
DA:223,0
DA:224,0
DA:226,0
DA:231,0
DA:241,0
DA:244,1
DA:245,0
DA:247,0
DA:254,0
DA:255,0
DA:259,0
DA:268,0
LF:93
LH:14
BRDA:34,0,0,0
BRDA:34,0,1,0
BRDA:44,1,0,0
BRDA:44,1,1,0
BRDA:45,2,0,0
BRDA:45,2,1,0
BRDA:46,3,0,0
BRDA:46,3,1,0
BRDA:48,4,0,0
BRDA:48,4,1,0
BRDA:48,5,0,0
BRDA:48,5,1,0
BRDA:58,6,0,0
BRDA:58,6,1,0
BRDA:58,7,0,0
BRDA:58,7,1,0
BRDA:68,8,0,0
BRDA:68,8,1,0
BRDA:68,9,0,0
BRDA:68,9,1,0
BRDA:76,10,0,0
BRDA:76,10,1,0
BRDA:91,11,0,0
BRDA:91,11,1,0
BRDA:101,12,0,0
BRDA:101,12,1,0
BRDA:102,13,0,0
BRDA:102,13,1,0
BRDA:116,14,0,0
BRDA:117,15,0,0
BRDA:118,16,0,0
BRDA:119,17,0,0
BRDA:129,18,0,0
BRDA:129,18,1,0
BRDA:129,19,0,0
BRDA:129,19,1,0
BRDA:133,20,0,0
BRDA:133,20,1,0
BRDA:133,21,0,0
BRDA:133,21,1,0
BRDA:137,22,0,0
BRDA:137,22,1,0
BRDA:137,23,0,0
BRDA:137,23,1,0
BRDA:141,24,0,0
BRDA:141,24,1,0
BRDA:141,25,0,0
BRDA:141,25,1,0
BRDA:145,26,0,0
BRDA:145,26,1,0
BRDA:168,27,0,0
BRDA:168,27,1,0
BRDA:184,28,0,0
BRDA:184,28,1,0
BRDA:198,29,0,0
BRDA:201,30,0,0
BRDA:201,30,1,0
BRDA:223,31,0,0
BRDA:255,32,0,0
BRDA:255,32,1,0
BRF:60
BRH:0
end_of_record
TN:
SF:src\controllers\userController.ts
FN:7,(anonymous_0)
FN:26,(anonymous_1)
FN:42,(anonymous_2)
FN:79,(anonymous_3)
FN:94,(anonymous_4)
FN:108,(anonymous_5)
FNF:6
FNH:0
FNDA:0,(anonymous_0)
FNDA:0,(anonymous_1)
FNDA:0,(anonymous_2)
FNDA:0,(anonymous_3)
FNDA:0,(anonymous_4)
FNDA:0,(anonymous_5)
DA:2,1
DA:4,1
DA:6,1
DA:7,1
DA:8,0
DA:9,0
DA:10,0
DA:12,0
DA:14,0
DA:23,0
DA:26,1
DA:27,0
DA:28,0
DA:29,0
DA:31,0
DA:33,0
DA:39,0
DA:42,1
DA:43,0
DA:44,0
DA:45,0
DA:47,0
DA:48,0
DA:52,0
DA:55,0
DA:56,0
DA:60,0
DA:63,0
DA:64,0
DA:66,0
DA:76,0
DA:79,1
DA:80,0
DA:83,0
DA:85,0
DA:91,0
DA:94,1
DA:95,0
DA:97,0
DA:99,0
DA:105,0
DA:108,1
DA:109,0
DA:112,0
DA:113,0
DA:116,0
DA:118,0
DA:123,0
LF:48
LH:9
BRDA:10,0,0,0
BRDA:10,0,1,0
BRDA:28,1,0,0
BRDA:28,1,1,0
BRDA:47,2,0,0
BRDA:47,2,1,0
BRDA:47,3,0,0
BRDA:47,3,1,0
BRDA:55,4,0,0
BRDA:55,4,1,0
BRDA:63,5,0,0
BRDA:63,5,1,0
BRDA:112,6,0,0
BRDA:112,6,1,0
BRF:14
BRH:0
end_of_record
TN:
SF:src\middleware\auth.ts
FN:16,(anonymous_0)
FN:55,(anonymous_1)
FNF:2
FNH:1
FNDA:3,(anonymous_0)
FNDA:0,(anonymous_1)
DA:2,1
DA:3,1
DA:16,1
DA:17,3
DA:18,3
DA:20,3
DA:21,1
DA:25,1
DA:26,1
DA:29,2
DA:31,2
DA:32,2
DA:33,0
DA:37,0
DA:38,0
DA:41,2
DA:42,2
DA:45,0
DA:50,0
DA:55,1
DA:56,0
DA:57,0
DA:59,0
DA:60,0
DA:61,0
DA:62,0
DA:63,0
DA:67,0
DA:69,0
LF:29
LH:15
BRDA:20,0,0,1
BRDA:20,0,1,2
BRDA:32,1,0,0
BRDA:32,1,1,2
BRDA:47,2,0,0
BRDA:47,2,1,0
BRDA:48,3,0,0
BRDA:48,3,1,0
BRDA:59,4,0,0
BRDA:59,4,1,0
BRDA:62,5,0,0
BRDA:62,5,1,0
BRF:12
BRH:3
end_of_record
TN:
SF:src\middleware\errorHandler.ts
FN:12,(anonymous_0)
FN:24,(anonymous_1)
FN:72,(anonymous_2)
FN:85,(anonymous_3)
FN:86,(anonymous_4)
FNF:5
FNH:3
FNDA:12,(anonymous_0)
FNDA:0,(anonymous_1)
FNDA:0,(anonymous_2)
FNDA:19,(anonymous_3)
FNDA:7,(anonymous_4)
DA:3,3
DA:8,3
DA:13,12
DA:14,12
DA:15,12
DA:17,12
DA:24,3
DA:30,0
DA:31,0
DA:33,0
DA:34,0
DA:35,0
DA:36,0
DA:37,0
DA:38,0
DA:39,0
DA:40,0
DA:41,0
DA:42,0
DA:43,0
DA:44,0
DA:45,0
DA:46,0
DA:47,0
DA:48,0
DA:49,0
DA:50,0
DA:53,0
DA:62,0
DA:63,0
DA:66,0
DA:72,3
DA:73,0
DA:78,0
DA:84,3
DA:85,3
DA:86,19
DA:87,7
LF:38
LH:12
BRDA:12,0,0,0
BRDA:33,1,0,0
BRDA:33,1,1,0
BRDA:36,2,0,0
BRDA:36,2,1,0
BRDA:39,3,0,0
BRDA:39,3,1,0
BRDA:39,4,0,0
BRDA:39,4,1,0
BRDA:42,5,0,0
BRDA:42,5,1,0
BRDA:45,6,0,0
BRDA:45,6,1,0
BRDA:48,7,0,0
BRDA:48,7,1,0
BRDA:56,8,0,0
BRDA:56,8,1,0
BRDA:62,9,0,0
BRDA:62,9,1,0
BRF:19
BRH:0
end_of_record
TN:
SF:src\middleware\logger.ts
FN:10,(anonymous_1)
FNF:1
FNH:0
FNDA:0,(anonymous_1)
DA:1,1
DA:2,1
DA:5,1
DA:10,1
DA:11,0
DA:12,0
DA:13,0
DA:14,0
DA:15,0
DA:19,1
DA:21,1
LF:11
LH:6
BRDA:5,0,0,0
BRDA:5,0,1,1
BRDA:12,1,0,0
BRDA:12,1,1,0
BRDA:13,2,0,0
BRDA:13,2,1,0
BRDA:14,3,0,0
BRDA:14,3,1,0
BRDA:22,4,0,0
BRDA:22,4,1,1
BRF:10
BRH:2
end_of_record
TN:
SF:src\middleware\security.ts
FN:6,(anonymous_1)
FN:18,(anonymous_2)
FNF:2
FNH:2
FNDA:2,(anonymous_1)
FNDA:9,(anonymous_2)
DA:1,1
DA:2,1
DA:6,1
DA:7,2
DA:18,9
DA:23,1
DA:30,1
DA:37,1
LF:8
LH:8
BRF:0
BRH:0
end_of_record
TN:
SF:src\middleware\socketAuth.ts
FN:10,(anonymous_0)
FNF:1
FNH:0
FNDA:0,(anonymous_0)
DA:2,0
DA:3,0
DA:10,0
DA:14,0
DA:15,0
DA:17,0
DA:18,0
DA:22,0
DA:25,0
DA:28,0
DA:29,0
DA:30,0
DA:34,0
DA:35,0
DA:37,0
DA:39,0
LF:16
LH:0
BRDA:15,0,0,0
BRDA:15,0,1,0
BRDA:17,1,0,0
BRDA:17,1,1,0
BRDA:22,2,0,0
BRDA:22,2,1,0
BRDA:29,3,0,0
BRDA:29,3,1,0
BRF:8
BRH:0
end_of_record
TN:
SF:src\models\Task.ts
FN:21,(anonymous_9)
FNF:1
FNH:1
FNDA:28,(anonymous_9)
DA:1,3
DA:2,3
DA:4,3
DA:22,28
DA:23,0
DA:56,3
DA:57,3
DA:58,3
DA:59,3
DA:60,3
DA:63,3
DA:64,3
DA:66,3
LF:13
LH:12
BRDA:22,0,0,28
BRDA:22,0,1,0
BRF:2
BRH:1
end_of_record
TN:
SF:src\models\User.ts
FN:38,(anonymous_10)
FN:51,(anonymous_11)
FN:60,(anonymous_12)
FNF:3
FNH:3
FNDA:46,(anonymous_10)
FNDA:4,(anonymous_11)
FNDA:10,(anonymous_12)
DA:1,3
DA:2,3
DA:5,3
DA:38,3
DA:39,46
DA:41,46
DA:42,46
DA:43,46
DA:44,46
DA:46,0
DA:51,3
DA:52,4
DA:53,4
DA:55,0
DA:60,3
DA:61,10
DA:62,10
DA:63,10
DA:66,3
LF:19
LH:17
BRDA:39,0,0,0
BRDA:39,0,1,46
BRF:2
BRH:1
end_of_record
TN:
SF:src\models\index.ts
FN:1,(anonymous_0)
FN:2,(anonymous_1)
FN:6,(anonymous_2)
FN:6,(anonymous_3)
FNF:4
FNH:0
FNDA:0,(anonymous_0)
FNDA:0,(anonymous_1)
FNDA:0,(anonymous_2)
FNDA:0,(anonymous_3)
DA:1,0
DA:2,0
DA:6,0
LF:3
LH:0
BRF:0
BRH:0
end_of_record
TN:
SF:src\routes\auth.ts
FNF:0
FNH:0
DA:1,1
DA:2,1
DA:3,1
DA:4,1
DA:6,1
DA:9,1
DA:10,1
DA:13,1
DA:14,1
DA:16,1
LF:10
LH:10
BRF:0
BRH:0
end_of_record
TN:
SF:src\routes\tasks.ts
FNF:0
FNH:0
DA:1,1
DA:2,1
DA:3,1
DA:4,1
DA:16,1
DA:19,1
DA:22,1
DA:25,1
DA:28,1
DA:31,1
DA:34,1
DA:37,1
DA:40,1
DA:43,1
DA:46,1
DA:48,1
LF:16
LH:16
BRF:0
BRH:0
end_of_record
TN:
SF:src\routes\users.ts
FNF:0
FNH:0
DA:1,1
DA:2,1
DA:3,1
DA:4,1
DA:11,1
DA:14,1
DA:17,1
DA:20,1
DA:23,1
DA:26,1
DA:29,1
DA:32,1
DA:34,1
LF:13
LH:13
BRF:0
BRH:0
end_of_record
TN:
SF:src\services\authService.ts
FN:7,(anonymous_0)
FN:29,(anonymous_1)
FN:53,(anonymous_2)
FN:62,(anonymous_3)
FNF:4
FNH:4
FNDA:6,(anonymous_0)
FNDA:5,(anonymous_1)
FNDA:3,(anonymous_2)
FNDA:3,(anonymous_3)
DA:1,2
DA:2,2
DA:4,2
DA:6,2
DA:8,6
DA:9,6
DA:10,2
DA:13,4
DA:14,4
DA:16,4
DA:21,4
DA:23,4
DA:30,5
DA:31,5
DA:32,1
DA:35,4
DA:36,4
DA:37,2
DA:40,2
DA:45,2
DA:47,2
DA:54,3
DA:55,3
DA:56,1
DA:59,2
DA:63,3
DA:64,3
DA:68,3
DA:69,1
DA:73,2
DA:78,2
DA:79,0
DA:82,2
LF:33
LH:32
BRDA:9,0,0,2
BRDA:9,0,1,4
BRDA:31,1,0,1
BRDA:31,1,1,4
BRDA:36,2,0,2
BRDA:36,2,1,2
BRDA:55,3,0,1
BRDA:55,3,1,2
BRDA:63,4,0,3
BRDA:63,4,1,0
BRDA:68,5,0,1
BRDA:68,5,1,2
BRDA:78,6,0,0
BRDA:78,6,1,2
BRF:14
BRH:12
end_of_record
TN:
SF:src\services\taskService.ts
FN:23,(anonymous_1)
FN:59,(anonymous_2)
FN:137,(anonymous_3)
FN:159,(anonymous_4)
FN:220,(anonymous_5)
FN:245,(anonymous_6)
FN:361,(anonymous_7)
FNF:7
FNH:5
FNDA:2,(anonymous_1)
FNDA:4,(anonymous_2)
FNDA:0,(anonymous_3)
FNDA:4,(anonymous_4)
FNDA:3,(anonymous_5)
FNDA:2,(anonymous_6)
FNDA:0,(anonymous_7)
DA:1,2
DA:2,2
DA:3,2
DA:4,2
DA:22,2
DA:31,2
DA:33,2
DA:34,2
DA:35,2
DA:36,1
DA:39,1
DA:45,1
DA:48,1
DA:50,1
DA:52,1
DA:53,1
DA:55,0
DA:69,4
DA:76,4
DA:79,4
DA:81,4
DA:82,1
DA:85,4
DA:86,1
DA:89,4
DA:90,0
DA:93,4
DA:94,0
DA:97,4
DA:98,0
DA:99,0
DA:103,4
DA:104,4
DA:107,4
DA:110,4
DA:120,4
DA:122,4
DA:133,0
DA:138,0
DA:139,0
DA:140,0
DA:143,0
DA:146,0
DA:147,0
DA:150,0
DA:152,0
DA:153,0
DA:155,0
DA:171,4
DA:172,4
DA:173,0
DA:177,4
DA:178,4
DA:179,1
DA:183,3
DA:186,3
DA:187,1
DA:191,2
DA:192,0
DA:193,0
DA:194,0
DA:195,0
DA:200,2
DA:201,2
DA:202,0
DA:205,2
DA:211,2
DA:213,2
DA:214,2
DA:216,0
DA:221,3
DA:222,3
DA:223,0
DA:226,3
DA:227,3
DA:228,1
DA:232,2
DA:233,1
DA:236,1
DA:238,2
DA:239,2
DA:241,0
DA:246,2
DA:247,2
DA:256,2
DA:349,2
DA:357,0
DA:362,0
DA:363,0
DA:364,0
DA:367,0
DA:369,0
DA:371,0
DA:372,0
DA:374,0
DA:375,0
DA:378,0
DA:384,0
DA:387,0
DA:392,0
DA:394,0
LF:101
LH:61
BRDA:35,0,0,1
BRDA:35,0,1,1
BRDA:52,1,0,1
BRDA:52,1,1,0
BRDA:59,2,0,0
BRDA:71,3,0,0
BRDA:72,4,0,0
BRDA:73,5,0,4
BRDA:74,6,0,4
BRDA:75,7,0,2
BRDA:81,8,0,1
BRDA:81,8,1,3
BRDA:85,9,0,1
BRDA:85,9,1,3
BRDA:89,10,0,0
BRDA:89,10,1,4
BRDA:93,11,0,0
BRDA:93,11,1,4
BRDA:97,12,0,0
BRDA:97,12,1,4
BRDA:104,13,0,0
BRDA:104,13,1,4
BRDA:139,14,0,0
BRDA:139,14,1,0
BRDA:146,15,0,0
BRDA:146,15,1,0
BRDA:152,16,0,0
BRDA:152,16,1,0
BRDA:172,17,0,0
BRDA:172,17,1,4
BRDA:178,18,0,1
BRDA:178,18,1,3
BRDA:183,19,0,3
BRDA:183,19,1,2
BRDA:186,20,0,1
BRDA:186,20,1,2
BRDA:191,21,0,0
BRDA:191,21,1,2
BRDA:194,22,0,0
BRDA:194,22,1,0
BRDA:201,23,0,0
BRDA:201,23,1,2
BRDA:213,24,0,2
BRDA:213,24,1,0
BRDA:222,25,0,0
BRDA:222,25,1,3
BRDA:227,26,0,1
BRDA:227,26,1,2
BRDA:232,27,0,1
BRDA:232,27,1,1
BRDA:238,28,0,2
BRDA:238,28,1,0
BRDA:247,29,0,1
BRDA:247,29,1,1
BRDA:349,30,0,2
BRDA:349,30,1,0
BRDA:361,31,0,0
BRDA:363,32,0,0
BRDA:363,32,1,0
BRDA:369,33,0,0
BRDA:369,33,1,0
BRDA:369,33,2,0
BRDA:369,33,3,0
BRF:63
BRH:33
end_of_record
TN:
SF:src\services\userService.ts
FN:6,(anonymous_1)
FN:20,(anonymous_2)
FN:41,(anonymous_3)
FN:67,(anonymous_4)
FN:162,(anonymous_5)
FNF:5
FNH:0
FNDA:0,(anonymous_1)
FNDA:0,(anonymous_2)
FNDA:0,(anonymous_3)
FNDA:0,(anonymous_4)
FNDA:0,(anonymous_5)
DA:1,1
DA:2,1
DA:3,1
DA:5,1
DA:7,0
DA:8,0
DA:10,0
DA:14,0
DA:16,0
DA:21,0
DA:22,0
DA:23,0
DA:26,0
DA:28,0
DA:29,0
DA:32,0
DA:34,0
DA:35,0
DA:37,0
DA:42,0
DA:43,0
DA:45,0
DA:52,0
DA:53,0
DA:56,0
DA:61,0
DA:63,0
DA:68,0
DA:69,0
DA:70,0
DA:73,0
DA:74,0
DA:76,0
DA:134,0
DA:135,0
DA:138,0
DA:145,0
DA:155,0
DA:156,0
DA:158,0
DA:163,0
DA:164,0
DA:165,0
DA:168,0
DA:170,0
DA:177,0
DA:178,0
DA:184,0
DA:186,0
DA:187,0
DA:190,0
DA:191,0
DA:193,0
LF:53
LH:4
BRDA:8,0,0,0
BRDA:8,0,1,0
BRDA:22,1,0,0
BRDA:22,1,1,0
BRDA:28,2,0,0
BRDA:28,2,1,0
BRDA:34,3,0,0
BRDA:34,3,1,0
BRDA:52,4,0,0
BRDA:52,4,1,0
BRDA:69,5,0,0
BRDA:69,5,1,0
BRDA:134,6,0,0
BRDA:134,6,1,0
BRDA:138,7,0,0
BRDA:138,7,1,0
BRDA:149,8,0,0
BRDA:149,8,1,0
BRDA:155,9,0,0
BRDA:155,9,1,0
BRDA:164,10,0,0
BRDA:164,10,1,0
BRDA:177,11,0,0
BRDA:177,11,1,0
BRDA:186,12,0,0
BRDA:186,12,1,0
BRDA:190,13,0,0
BRDA:190,13,1,0
BRF:28
BRH:0
end_of_record
TN:
SF:src\sockets\index.ts
FN:1,(anonymous_0)
FN:2,(anonymous_1)
FN:3,(anonymous_2)
FNF:3
FNH:0
FNDA:0,(anonymous_0)
FNDA:0,(anonymous_1)
FNDA:0,(anonymous_2)
DA:1,0
DA:2,0
DA:3,0
LF:3
LH:0
BRF:0
BRH:0
end_of_record
TN:
SF:src\sockets\socketHandlers.ts
FN:5,(anonymous_0)
FN:24,(anonymous_1)
FN:29,(anonymous_2)
FNF:3
FNH:0
FNDA:0,(anonymous_0)
FNDA:0,(anonymous_1)
FNDA:0,(anonymous_2)
DA:2,0
DA:3,0
DA:5,0
DA:7,0
DA:10,0
DA:17,0
DA:18,0
DA:24,0
DA:25,0
DA:29,0
DA:30,0
DA:34,0
LF:12
LH:0
BRF:0
BRH:0
end_of_record
TN:
SF:src\sockets\socketManager.ts
FN:5,(anonymous_0)
FN:10,(anonymous_1)
FN:15,(anonymous_2)
FN:23,(anonymous_3)
FN:53,(anonymous_4)
FN:84,(anonymous_5)
FN:89,(anonymous_6)
FN:92,(anonymous_7)
FN:102,(anonymous_8)
FN:105,(anonymous_9)
FN:112,(anonymous_10)
FN:113,(anonymous_11)
FN:119,(anonymous_12)
FN:141,(anonymous_13)
FN:159,(anonymous_14)
FN:168,(anonymous_15)
FN:188,(anonymous_16)
FN:205,(anonymous_17)
FN:214,(anonymous_18)
FN:231,(anonymous_19)
FN:240,(anonymous_20)
FNF:21
FNH:1
FNDA:1,(anonymous_0)
FNDA:0,(anonymous_1)
FNDA:0,(anonymous_2)
FNDA:0,(anonymous_3)
FNDA:0,(anonymous_4)
FNDA:0,(anonymous_5)
FNDA:0,(anonymous_6)
FNDA:0,(anonymous_7)
FNDA:0,(anonymous_8)
FNDA:0,(anonymous_9)
FNDA:0,(anonymous_10)
FNDA:0,(anonymous_11)
FNDA:0,(anonymous_12)
FNDA:0,(anonymous_13)
FNDA:0,(anonymous_14)
FNDA:0,(anonymous_15)
FNDA:0,(anonymous_16)
FNDA:0,(anonymous_17)
FNDA:0,(anonymous_18)
FNDA:0,(anonymous_19)
FNDA:0,(anonymous_20)
DA:3,1
DA:6,1
DA:7,1
DA:8,1
DA:11,0
DA:12,0
DA:16,0
DA:17,0
DA:19,0
DA:24,0
DA:25,0
DA:27,0
DA:34,0
DA:37,0
DA:38,0
DA:40,0
DA:42,0
DA:45,0
DA:54,0
DA:55,0
DA:57,0
DA:60,0
DA:61,0
DA:62,0
DA:65,0
DA:66,0
DA:69,0
DA:75,0
DA:79,0
DA:80,0
DA:85,0
DA:90,0
DA:92,0
DA:93,0
DA:94,0
DA:98,0
DA:103,0
DA:104,0
DA:105,0
DA:106,0
DA:113,0
DA:114,0
DA:120,0
DA:132,0
DA:133,0
DA:134,0
DA:135,0
DA:137,0
DA:142,0
DA:154,0
DA:155,0
DA:157,0
DA:159,0
DA:160,0
DA:161,0
DA:164,0
DA:169,0
DA:181,0
DA:182,0
DA:184,0
DA:189,0
DA:200,0
DA:201,0
DA:203,0
DA:205,0
DA:206,0
DA:207,0
DA:210,0
DA:215,0
DA:226,0
DA:227,0
DA:229,0
DA:231,0
DA:232,0
DA:233,0
DA:236,0
DA:241,0
DA:253,0
DA:254,0
DA:255,0
DA:257,0
DA:262,1
LF:82
LH:5
BRDA:16,0,0,0
BRDA:16,0,1,0
BRDA:37,1,0,0
BRDA:37,1,1,0
BRDA:55,2,0,0
BRDA:55,2,1,0
BRDA:61,3,0,0
BRDA:61,3,1,0
BRDA:65,4,0,0
BRDA:65,4,1,0
BRDA:85,5,0,0
BRDA:85,5,1,0
BRDA:93,6,0,0
BRDA:93,6,1,0
BRDA:104,7,0,0
BRDA:104,7,1,0
BRDA:126,8,0,0
BRDA:126,8,1,0
BRDA:132,9,0,0
BRDA:132,9,1,0
BRDA:148,10,0,0
BRDA:148,10,1,0
BRDA:148,10,2,0
BRDA:154,11,0,0
BRDA:154,11,1,0
BRDA:155,12,0,0
BRDA:155,12,1,0
BRDA:195,13,0,0
BRDA:195,13,1,0
BRDA:195,13,2,0
BRDA:200,14,0,0
BRDA:200,14,1,0
BRDA:201,15,0,0
BRDA:201,15,1,0
BRDA:221,16,0,0
BRDA:221,16,1,0
BRDA:221,16,2,0
BRDA:226,17,0,0
BRDA:226,17,1,0
BRDA:227,18,0,0
BRDA:227,18,1,0
BRDA:247,19,0,0
BRDA:247,19,1,0
BRDA:247,19,2,0
BRF:44
BRH:0
end_of_record
TN:
SF:src\types\index.ts
FN:15,(anonymous_0)
FN:22,(anonymous_1)
FNF:2
FNH:2
FNDA:3,(anonymous_0)
FNDA:3,(anonymous_1)
DA:15,3
DA:16,3
DA:17,3
DA:18,3
DA:19,3
DA:22,3
DA:23,3
DA:24,3
DA:25,3
DA:26,3
LF:10
LH:10
BRDA:15,0,0,3
BRDA:15,0,1,3
BRDA:22,1,0,3
BRDA:22,1,1,3
BRF:4
BRH:4
end_of_record
TN:
SF:src\types\socket.ts
FN:1,(anonymous_0)
FNF:1
FNH:1
FNDA:1,(anonymous_0)
DA:1,1
DA:3,1
DA:4,1
DA:5,1
DA:8,1
DA:9,1
DA:10,1
DA:13,1
DA:14,1
DA:15,1
DA:16,1
DA:17,1
DA:18,1
DA:21,1
DA:22,1
DA:25,1
LF:16
LH:16
BRDA:1,0,0,1
BRDA:1,0,1,1
BRF:2
BRH:2
end_of_record
TN:
SF:src\utils\jwt.ts
FN:6,(anonymous_1)
FN:18,(anonymous_2)
FN:40,(anonymous_3)
FNF:3
FNH:3
FNDA:8,(anonymous_1)
FNDA:2,(anonymous_2)
FNDA:3,(anonymous_3)
DA:1,3
DA:2,3
DA:5,3
DA:7,8
DA:9,8
DA:15,8
DA:19,2
DA:21,2
DA:26,2
DA:27,2
DA:28,2
DA:30,0
DA:31,0
DA:32,0
DA:33,0
DA:35,0
DA:41,3
DA:42,2
LF:18
LH:13
BRDA:30,0,0,0
BRDA:30,0,1,0
BRDA:32,1,0,0
BRDA:32,1,1,0
BRDA:41,2,0,1
BRDA:41,2,1,2
BRF:6
BRH:2
end_of_record
TN:
SF:src\utils\seed.ts
FN:5,(anonymous_0)
FNF:1
FNH:0
FNDA:0,(anonymous_0)
DA:1,0
DA:2,0
DA:5,0
DA:6,0
DA:7,0
DA:10,0
DA:11,0
DA:12,0
DA:13,0
DA:17,0
DA:30,0
DA:31,0
DA:34,0
DA:36,0
DA:41,0
DA:42,0
LF:16
LH:0
BRDA:11,0,0,0
BRDA:11,0,1,0
BRDA:41,1,0,0
BRDA:41,1,1,0
BRF:4
BRH:0
end_of_record
TN:
SF:src\utils\validation.ts
FN:52,(anonymous_0)
FN:73,(anonymous_1)
FN:86,(anonymous_2)
FN:87,(anonymous_3)
FN:94,(anonymous_4)
FN:102,(anonymous_5)
FN:159,(anonymous_6)
FN:160,(anonymous_7)
FN:169,(anonymous_8)
FN:182,(anonymous_9)
FN:183,(anonymous_10)
FN:192,(anonymous_11)
FNF:12
FNH:6
FNDA:0,(anonymous_0)
FNDA:0,(anonymous_1)
FNDA:5,(anonymous_2)
FNDA:7,(anonymous_3)
FNDA:1,(anonymous_4)
FNDA:1,(anonymous_5)
FNDA:4,(anonymous_6)
FNDA:0,(anonymous_7)
FNDA:0,(anonymous_8)
FNDA:6,(anonymous_9)
FNDA:0,(anonymous_10)
FNDA:0,(anonymous_11)
DA:1,1
DA:2,1
DA:5,1
DA:19,1
DA:28,1
DA:42,1
DA:53,0
DA:54,0
DA:61,1
DA:74,0
DA:75,0
DA:86,1
DA:87,5
DA:88,7
DA:89,7
DA:90,6
DA:94,1
DA:95,1
DA:98,1
DA:99,1
DA:102,1
DA:107,1
DA:110,0
DA:116,1
DA:124,1
DA:132,1
DA:144,1
DA:148,1
DA:153,1
DA:159,1
DA:160,4
DA:161,0
DA:162,0
DA:163,0
DA:165,0
DA:166,0
DA:169,0
DA:174,0
DA:176,0
DA:182,1
DA:183,6
DA:184,0
DA:185,0
DA:186,0
DA:188,0
DA:189,0
DA:192,0
DA:197,0
DA:199,0
LF:49
LH:28
BRDA:54,0,0,0
BRDA:54,0,1,0
BRDA:75,1,0,0
BRDA:75,1,1,0
BRDA:98,2,0,1
BRDA:98,2,1,0
BRDA:165,3,0,0
BRDA:165,3,1,0
BRDA:188,4,0,0
BRDA:188,4,1,0
BRF:10
BRH:1
end_of_record
